0 info it worked if it ends with ok
1 verbose cli [ '/usr/bin/node', '/usr/bin/npm', 'run', 'test', '--no-cache' ]
2 info using npm@6.14.4
3 info using node@v10.19.0
4 verbose run-script [ 'pretest', 'test', 'posttest' ]
5 info lifecycle months-web-front@1.0.0~pretest: months-web-front@1.0.0
6 info lifecycle months-web-front@1.0.0~test: months-web-front@1.0.0
7 verbose lifecycle months-web-front@1.0.0~test: unsafe-perm in lifecycle true
8 verbose lifecycle months-web-front@1.0.0~test: PATH: /usr/share/npm/node_modules/npm-lifecycle/node-gyp-bin:/home/emil/Documents/Projects/MonthsWebFront/node_modules/.bin:/home/emil/.local/bin:/home/emil/.local/bin:/usr/local/sbin:/usr/local/bin:/usr/sbin:/usr/bin:/sbin:/bin:/usr/games:/usr/local/games:/snap/bin
9 verbose lifecycle months-web-front@1.0.0~test: CWD: /home/emil/Documents/Projects/MonthsWebFront
10 silly lifecycle months-web-front@1.0.0~test: Args: [ '-c', 'jest' ]
11 silly lifecycle months-web-front@1.0.0~test: Returned: code: 1  signal: null
12 info lifecycle months-web-front@1.0.0~test: Failed to exec test script
13 verbose stack Error: months-web-front@1.0.0 test: `jest`
13 verbose stack Exit status 1
13 verbose stack     at EventEmitter.<anonymous> (/usr/share/npm/node_modules/npm-lifecycle/index.js:332:16)
13 verbose stack     at EventEmitter.emit (events.js:198:13)
13 verbose stack     at ChildProcess.<anonymous> (/usr/share/npm/node_modules/npm-lifecycle/lib/spawn.js:55:14)
13 verbose stack     at ChildProcess.emit (events.js:198:13)
13 verbose stack     at maybeClose (internal/child_process.js:982:16)
13 verbose stack     at Process.ChildProcess._handle.onexit (internal/child_process.js:259:5)
14 verbose pkgid months-web-front@1.0.0
15 verbose cwd /home/emil/Documents/Projects/MonthsWebFront
16 verbose Linux 5.4.0-66-generic
17 verbose argv "/usr/bin/node" "/usr/bin/npm" "run" "test" "--no-cache"
18 verbose node v10.19.0
19 verbose npm  v6.14.4
20 error code ELIFECYCLE
21 error errno 1
22 error months-web-front@1.0.0 test: `jest`
22 error Exit status 1
23 error Failed at the months-web-front@1.0.0 test script.
23 error This is probably not a problem with npm. There is likely additional logging output above.
24 verbose exit [ 1, true ]
